<?xml version="1.0" encoding="UTF-8"?>
<testng-results skipped="0" failed="0" ignored="0" total="1" passed="1">
  <reporter-output>
  </reporter-output>
  <suite name="Default suite" duration-ms="5477" started-at="2022-05-02T20:19:24 CDT" finished-at="2022-05-02T20:19:30 CDT">
    <groups>
    </groups>
    <test name="Default test" duration-ms="5477" started-at="2022-05-02T20:19:24 CDT" finished-at="2022-05-02T20:19:30 CDT">
      <class name="test.DuplicateCatagoryTest">
        <test-method status="PASS" signature="validateUserCannotAddDuplicateCatagory()[pri:0, instance:test.DuplicateCatagoryTest@15d0c81b]" name="validateUserCannotAddDuplicateCatagory" duration-ms="5451" started-at="2022-05-02T20:19:24 CDT" finished-at="2022-05-02T20:19:30 CDT">
          <reporter-output>
          </reporter-output>
        </test-method> <!-- validateUserCannotAddDuplicateCatagory -->
      </class> <!-- test.DuplicateCatagoryTest -->
    </test> <!-- Default test -->
  </suite> <!-- Default suite -->
</testng-results>
